ARM GAS  /tmp/ccRam1SW.s 			page 1


   1              		.cpu cortex-m4
   2              		.eabi_attribute 27, 1
   3              		.eabi_attribute 28, 1
   4              		.eabi_attribute 20, 1
   5              		.eabi_attribute 21, 1
   6              		.eabi_attribute 23, 3
   7              		.eabi_attribute 24, 1
   8              		.eabi_attribute 25, 1
   9              		.eabi_attribute 26, 1
  10              		.eabi_attribute 30, 1
  11              		.eabi_attribute 34, 1
  12              		.eabi_attribute 18, 4
  13              		.file	"frame_resolve.c"
  14              		.text
  15              	.Ltext0:
  16              		.cfi_sections	.debug_frame
  17              		.section	.text.float2byte,"ax",%progbits
  18              		.align	1
  19              		.global	float2byte
  20              		.arch armv7e-m
  21              		.syntax unified
  22              		.thumb
  23              		.thumb_func
  24              		.fpu fpv4-sp-d16
  26              	float2byte:
  27              	.LVL0:
  28              	.LFB133:
  29              		.file 1 "Core/Src/frame_resolve.c"
   1:Core/Src/frame_resolve.c **** /*
   2:Core/Src/frame_resolve.c **** *   File name: frame_resolve.c
   3:Core/Src/frame_resolve.c **** *   Author: Linh Nguyen
   4:Core/Src/frame_resolve.c **** *   Last modified: 12/6/2021
   5:Core/Src/frame_resolve.c **** *   Description: This source file contain all auxillary fucntions
   6:Core/Src/frame_resolve.c **** *                for resolving received frame from DMA.  
   7:Core/Src/frame_resolve.c **** */
   8:Core/Src/frame_resolve.c **** 
   9:Core/Src/frame_resolve.c **** 
  10:Core/Src/frame_resolve.c **** 
  11:Core/Src/frame_resolve.c **** #include "main.h"
  12:Core/Src/frame_resolve.c **** #include "stdio.h"
  13:Core/Src/frame_resolve.c **** 
  14:Core/Src/frame_resolve.c **** 
  15:Core/Src/frame_resolve.c **** 
  16:Core/Src/frame_resolve.c **** // Aux fucntion
  17:Core/Src/frame_resolve.c **** void float2byte(float *f, uint8_t *d, uint8_t s)
  18:Core/Src/frame_resolve.c **** {
  30              		.loc 1 18 1 view -0
  31              		.cfi_startproc
  32              		@ args = 0, pretend = 0, frame = 0
  33              		@ frame_needed = 0, uses_anonymous_args = 0
  34              		@ link register save eliminated.
  19:Core/Src/frame_resolve.c ****     uint32_t * tmp;
  35              		.loc 1 19 5 view .LVU1
  20:Core/Src/frame_resolve.c ****     tmp = (uint32_t*)f;
  36              		.loc 1 20 5 view .LVU2
  21:Core/Src/frame_resolve.c ****     uint8_t i = 0;
  37              		.loc 1 21 5 view .LVU3
ARM GAS  /tmp/ccRam1SW.s 			page 2


  22:Core/Src/frame_resolve.c ****     for (i = 0; i<s; i++)
  38              		.loc 1 22 5 view .LVU4
  39              		.loc 1 22 12 is_stmt 0 view .LVU5
  40 0000 0023     		movs	r3, #0
  41              	.LVL1:
  42              		.loc 1 22 17 is_stmt 1 view .LVU6
  43              		.loc 1 22 5 is_stmt 0 view .LVU7
  44 0002 9342     		cmp	r3, r2
  45 0004 0CD2     		bcs	.L7
  18:Core/Src/frame_resolve.c ****     uint32_t * tmp;
  46              		.loc 1 18 1 view .LVU8
  47 0006 30B4     		push	{r4, r5}
  48              	.LCFI0:
  49              		.cfi_def_cfa_offset 8
  50              		.cfi_offset 4, -8
  51              		.cfi_offset 5, -4
  52              	.L3:
  23:Core/Src/frame_resolve.c ****     {      
  24:Core/Src/frame_resolve.c ****         d[i] = *tmp>>(24-8*i);
  53              		.loc 1 24 9 is_stmt 1 discriminator 3 view .LVU9
  54              		.loc 1 24 16 is_stmt 0 discriminator 3 view .LVU10
  55 0008 0468     		ldr	r4, [r0]
  56              		.loc 1 24 25 discriminator 3 view .LVU11
  57 000a C3F10305 		rsb	r5, r3, #3
  58 000e ED00     		lsls	r5, r5, #3
  59              		.loc 1 24 20 discriminator 3 view .LVU12
  60 0010 EC40     		lsrs	r4, r4, r5
  61              		.loc 1 24 14 discriminator 3 view .LVU13
  62 0012 CC54     		strb	r4, [r1, r3]
  22:Core/Src/frame_resolve.c ****     {      
  63              		.loc 1 22 22 is_stmt 1 discriminator 3 view .LVU14
  22:Core/Src/frame_resolve.c ****     {      
  64              		.loc 1 22 23 is_stmt 0 discriminator 3 view .LVU15
  65 0014 0133     		adds	r3, r3, #1
  66              	.LVL2:
  22:Core/Src/frame_resolve.c ****     {      
  67              		.loc 1 22 23 discriminator 3 view .LVU16
  68 0016 DBB2     		uxtb	r3, r3
  69              	.LVL3:
  22:Core/Src/frame_resolve.c ****     {      
  70              		.loc 1 22 17 is_stmt 1 discriminator 3 view .LVU17
  22:Core/Src/frame_resolve.c ****     {      
  71              		.loc 1 22 5 is_stmt 0 discriminator 3 view .LVU18
  72 0018 9342     		cmp	r3, r2
  73 001a F5D3     		bcc	.L3
  25:Core/Src/frame_resolve.c ****     }
  26:Core/Src/frame_resolve.c **** }
  74              		.loc 1 26 1 view .LVU19
  75 001c 30BC     		pop	{r4, r5}
  76              	.LCFI1:
  77              		.cfi_restore 5
  78              		.cfi_restore 4
  79              		.cfi_def_cfa_offset 0
  80 001e 7047     		bx	lr
  81              	.L7:
  82              		.loc 1 26 1 view .LVU20
  83 0020 7047     		bx	lr
ARM GAS  /tmp/ccRam1SW.s 			page 3


  84              		.cfi_endproc
  85              	.LFE133:
  87              		.section	.text.checksum,"ax",%progbits
  88              		.align	1
  89              		.global	checksum
  90              		.syntax unified
  91              		.thumb
  92              		.thumb_func
  93              		.fpu fpv4-sp-d16
  95              	checksum:
  96              	.LVL4:
  97              	.LFB134:
  27:Core/Src/frame_resolve.c **** 
  28:Core/Src/frame_resolve.c **** // Calc checksum
  29:Core/Src/frame_resolve.c **** uint32_t checksum(uint8_t *d)
  30:Core/Src/frame_resolve.c **** {
  98              		.loc 1 30 1 is_stmt 1 view -0
  99              		.cfi_startproc
 100              		@ args = 0, pretend = 0, frame = 0
 101              		@ frame_needed = 0, uses_anonymous_args = 0
 102              		@ link register save eliminated.
 103              		.loc 1 30 1 is_stmt 0 view .LVU22
 104 0000 0146     		mov	r1, r0
  31:Core/Src/frame_resolve.c ****     uint32_t _crc = 0;
 105              		.loc 1 31 5 is_stmt 1 view .LVU23
 106              	.LVL5:
  32:Core/Src/frame_resolve.c ****     uint8_t i = 0;
 107              		.loc 1 32 5 view .LVU24
  33:Core/Src/frame_resolve.c ****     for (i = 2; i < 10; i++)
 108              		.loc 1 33 5 view .LVU25
 109              		.loc 1 33 12 is_stmt 0 view .LVU26
 110 0002 0223     		movs	r3, #2
  31:Core/Src/frame_resolve.c ****     uint32_t _crc = 0;
 111              		.loc 1 31 14 view .LVU27
 112 0004 0020     		movs	r0, #0
 113              	.LVL6:
 114              		.loc 1 33 5 view .LVU28
 115 0006 03E0     		b	.L9
 116              	.LVL7:
 117              	.L10:
  34:Core/Src/frame_resolve.c ****     {
  35:Core/Src/frame_resolve.c ****         _crc+= d[i];
 118              		.loc 1 35 9 is_stmt 1 discriminator 3 view .LVU29
 119              		.loc 1 35 17 is_stmt 0 discriminator 3 view .LVU30
 120 0008 CA5C     		ldrb	r2, [r1, r3]	@ zero_extendqisi2
 121              		.loc 1 35 13 discriminator 3 view .LVU31
 122 000a 1044     		add	r0, r0, r2
 123              	.LVL8:
  33:Core/Src/frame_resolve.c ****     for (i = 2; i < 10; i++)
 124              		.loc 1 33 25 is_stmt 1 discriminator 3 view .LVU32
  33:Core/Src/frame_resolve.c ****     for (i = 2; i < 10; i++)
 125              		.loc 1 33 26 is_stmt 0 discriminator 3 view .LVU33
 126 000c 0133     		adds	r3, r3, #1
 127              	.LVL9:
  33:Core/Src/frame_resolve.c ****     for (i = 2; i < 10; i++)
 128              		.loc 1 33 26 discriminator 3 view .LVU34
 129 000e DBB2     		uxtb	r3, r3
ARM GAS  /tmp/ccRam1SW.s 			page 4


 130              	.LVL10:
 131              	.L9:
  33:Core/Src/frame_resolve.c ****     for (i = 2; i < 10; i++)
 132              		.loc 1 33 17 is_stmt 1 discriminator 1 view .LVU35
  33:Core/Src/frame_resolve.c ****     for (i = 2; i < 10; i++)
 133              		.loc 1 33 5 is_stmt 0 discriminator 1 view .LVU36
 134 0010 092B     		cmp	r3, #9
 135 0012 F9D9     		bls	.L10
  36:Core/Src/frame_resolve.c ****     }
  37:Core/Src/frame_resolve.c ****     return _crc;
  38:Core/Src/frame_resolve.c **** }
 136              		.loc 1 38 1 view .LVU37
 137 0014 7047     		bx	lr
 138              		.cfi_endproc
 139              	.LFE134:
 141              		.section	.text.parseTxFrame,"ax",%progbits
 142              		.align	1
 143              		.global	parseTxFrame
 144              		.syntax unified
 145              		.thumb
 146              		.thumb_func
 147              		.fpu fpv4-sp-d16
 149              	parseTxFrame:
 150              	.LVL11:
 151              	.LFB135:
  39:Core/Src/frame_resolve.c **** 
  40:Core/Src/frame_resolve.c **** // Parse frames for transmition
  41:Core/Src/frame_resolve.c **** void parseTxFrame(uint8_t *d /* uint8_t *d */, float vel_linear, float vel_angular)
  42:Core/Src/frame_resolve.c **** {
 152              		.loc 1 42 1 is_stmt 1 view -0
 153              		.cfi_startproc
 154              		@ args = 0, pretend = 0, frame = 8
 155              		@ frame_needed = 0, uses_anonymous_args = 0
 156              		.loc 1 42 1 is_stmt 0 view .LVU39
 157 0000 10B5     		push	{r4, lr}
 158              	.LCFI2:
 159              		.cfi_def_cfa_offset 8
 160              		.cfi_offset 4, -8
 161              		.cfi_offset 14, -4
 162 0002 82B0     		sub	sp, sp, #8
 163              	.LCFI3:
 164              		.cfi_def_cfa_offset 16
 165 0004 0446     		mov	r4, r0
 166 0006 8DED010A 		vstr.32	s0, [sp, #4]
 167 000a CDED000A 		vstr.32	s1, [sp]
  43:Core/Src/frame_resolve.c ****     // Header
  44:Core/Src/frame_resolve.c ****     d[0] = 1;
 168              		.loc 1 44 5 is_stmt 1 view .LVU40
 169              		.loc 1 44 10 is_stmt 0 view .LVU41
 170 000e 0123     		movs	r3, #1
 171 0010 0370     		strb	r3, [r0]
  45:Core/Src/frame_resolve.c ****     d[1] = 2; 
 172              		.loc 1 45 5 is_stmt 1 view .LVU42
 173              		.loc 1 45 10 is_stmt 0 view .LVU43
 174 0012 0223     		movs	r3, #2
 175 0014 4370     		strb	r3, [r0, #1]
  46:Core/Src/frame_resolve.c ****   
ARM GAS  /tmp/ccRam1SW.s 			page 5


  47:Core/Src/frame_resolve.c ****     // Resolve float to 4 bytes binary.
  48:Core/Src/frame_resolve.c ****     float2byte(&vel_linear, &d[2], 4);
 176              		.loc 1 48 5 is_stmt 1 view .LVU44
 177 0016 0422     		movs	r2, #4
 178 0018 C118     		adds	r1, r0, r3
 179 001a 0DEB0200 		add	r0, sp, r2
 180              	.LVL12:
 181              		.loc 1 48 5 is_stmt 0 view .LVU45
 182 001e FFF7FEFF 		bl	float2byte
 183              	.LVL13:
  49:Core/Src/frame_resolve.c ****     float2byte(&vel_angular, &d[6], 4);
 184              		.loc 1 49 5 is_stmt 1 view .LVU46
 185 0022 0422     		movs	r2, #4
 186 0024 A11D     		adds	r1, r4, #6
 187 0026 6846     		mov	r0, sp
 188 0028 FFF7FEFF 		bl	float2byte
 189              	.LVL14:
  50:Core/Src/frame_resolve.c **** 
  51:Core/Src/frame_resolve.c ****     uint32_t crc = checksum(d);   
 190              		.loc 1 51 5 view .LVU47
 191              		.loc 1 51 20 is_stmt 0 view .LVU48
 192 002c 2046     		mov	r0, r4
 193 002e FFF7FEFF 		bl	checksum
 194              	.LVL15:
  52:Core/Src/frame_resolve.c ****    
  53:Core/Src/frame_resolve.c ****     d[10] = (crc >> 24) & 0xFF;
 195              		.loc 1 53 5 is_stmt 1 view .LVU49
 196              		.loc 1 53 18 is_stmt 0 view .LVU50
 197 0032 030E     		lsrs	r3, r0, #24
 198              		.loc 1 53 11 view .LVU51
 199 0034 A372     		strb	r3, [r4, #10]
  54:Core/Src/frame_resolve.c ****     d[11] = (crc >> 16)  & 0xFF; 
 200              		.loc 1 54 5 is_stmt 1 view .LVU52
 201              		.loc 1 54 18 is_stmt 0 view .LVU53
 202 0036 030C     		lsrs	r3, r0, #16
 203              		.loc 1 54 11 view .LVU54
 204 0038 E372     		strb	r3, [r4, #11]
  55:Core/Src/frame_resolve.c ****     d[12] = (crc >> 8)  & 0xFF; 
 205              		.loc 1 55 5 is_stmt 1 view .LVU55
 206              		.loc 1 55 18 is_stmt 0 view .LVU56
 207 003a 030A     		lsrs	r3, r0, #8
 208              		.loc 1 55 11 view .LVU57
 209 003c 2373     		strb	r3, [r4, #12]
  56:Core/Src/frame_resolve.c ****     d[13] = (crc )  & 0xFF; 
 210              		.loc 1 56 5 is_stmt 1 view .LVU58
 211              		.loc 1 56 11 is_stmt 0 view .LVU59
 212 003e 6073     		strb	r0, [r4, #13]
  57:Core/Src/frame_resolve.c ****     
  58:Core/Src/frame_resolve.c ****     // EOF
  59:Core/Src/frame_resolve.c ****     d[14] = '\r';
 213              		.loc 1 59 5 is_stmt 1 view .LVU60
 214              		.loc 1 59 11 is_stmt 0 view .LVU61
 215 0040 0D23     		movs	r3, #13
 216 0042 A373     		strb	r3, [r4, #14]
  60:Core/Src/frame_resolve.c ****     d[15] = '\n';
 217              		.loc 1 60 5 is_stmt 1 view .LVU62
 218              		.loc 1 60 11 is_stmt 0 view .LVU63
ARM GAS  /tmp/ccRam1SW.s 			page 6


 219 0044 0A23     		movs	r3, #10
 220 0046 E373     		strb	r3, [r4, #15]
  61:Core/Src/frame_resolve.c **** }
 221              		.loc 1 61 1 view .LVU64
 222 0048 02B0     		add	sp, sp, #8
 223              	.LCFI4:
 224              		.cfi_def_cfa_offset 8
 225              		@ sp needed
 226 004a 10BD     		pop	{r4, pc}
 227              		.loc 1 61 1 view .LVU65
 228              		.cfi_endproc
 229              	.LFE135:
 231              		.section	.text.resolveRxFrame,"ax",%progbits
 232              		.align	1
 233              		.global	resolveRxFrame
 234              		.syntax unified
 235              		.thumb
 236              		.thumb_func
 237              		.fpu fpv4-sp-d16
 239              	resolveRxFrame:
 240              	.LVL16:
 241              	.LFB136:
  62:Core/Src/frame_resolve.c **** 
  63:Core/Src/frame_resolve.c **** 
  64:Core/Src/frame_resolve.c **** float * resolveRxFrame(uint8_t * d)
  65:Core/Src/frame_resolve.c **** {
 242              		.loc 1 65 1 is_stmt 1 view -0
 243              		.cfi_startproc
 244              		@ args = 0, pretend = 0, frame = 0
 245              		@ frame_needed = 0, uses_anonymous_args = 0
 246              		.loc 1 65 1 is_stmt 0 view .LVU67
 247 0000 70B5     		push	{r4, r5, r6, lr}
 248              	.LCFI5:
 249              		.cfi_def_cfa_offset 16
 250              		.cfi_offset 4, -16
 251              		.cfi_offset 5, -12
 252              		.cfi_offset 6, -8
 253              		.cfi_offset 14, -4
  66:Core/Src/frame_resolve.c ****     static float vel[2];
 254              		.loc 1 66 5 is_stmt 1 view .LVU68
  67:Core/Src/frame_resolve.c ****     uint32_t tmp1 = 0;
 255              		.loc 1 67 5 view .LVU69
 256              	.LVL17:
  68:Core/Src/frame_resolve.c ****     uint32_t tmp2 = 0;
 257              		.loc 1 68 5 view .LVU70
  69:Core/Src/frame_resolve.c ****     uint32_t rx_crc, local_crc;
 258              		.loc 1 69 5 view .LVU71
  70:Core/Src/frame_resolve.c ****     
  71:Core/Src/frame_resolve.c ****     rx_crc = d[10] << 24 | d[11]<<16 | d[12]<<8 | d[13]; 
 259              		.loc 1 71 5 view .LVU72
 260              		.loc 1 71 15 is_stmt 0 view .LVU73
 261 0002 827A     		ldrb	r2, [r0, #10]	@ zero_extendqisi2
 262              		.loc 1 71 29 view .LVU74
 263 0004 C57A     		ldrb	r5, [r0, #11]	@ zero_extendqisi2
 264              		.loc 1 71 33 view .LVU75
 265 0006 2D04     		lsls	r5, r5, #16
 266              		.loc 1 71 26 view .LVU76
ARM GAS  /tmp/ccRam1SW.s 			page 7


 267 0008 45EA0265 		orr	r5, r5, r2, lsl #24
 268              		.loc 1 71 41 view .LVU77
 269 000c 027B     		ldrb	r2, [r0, #12]	@ zero_extendqisi2
 270              		.loc 1 71 38 view .LVU78
 271 000e 45EA0225 		orr	r5, r5, r2, lsl #8
 272              		.loc 1 71 52 view .LVU79
 273 0012 427B     		ldrb	r2, [r0, #13]	@ zero_extendqisi2
 274              		.loc 1 71 49 view .LVU80
 275 0014 1543     		orrs	r5, r5, r2
 276              	.LVL18:
  72:Core/Src/frame_resolve.c ****     tmp1 = d[2] << 24 | d[3]<<16 | d[4]<<8 | d[5];
 277              		.loc 1 72 5 is_stmt 1 view .LVU81
 278              		.loc 1 72 13 is_stmt 0 view .LVU82
 279 0016 8178     		ldrb	r1, [r0, #2]	@ zero_extendqisi2
 280              		.loc 1 72 26 view .LVU83
 281 0018 C278     		ldrb	r2, [r0, #3]	@ zero_extendqisi2
 282              		.loc 1 72 29 view .LVU84
 283 001a 1204     		lsls	r2, r2, #16
 284              		.loc 1 72 23 view .LVU85
 285 001c 42EA0162 		orr	r2, r2, r1, lsl #24
 286              		.loc 1 72 37 view .LVU86
 287 0020 0179     		ldrb	r1, [r0, #4]	@ zero_extendqisi2
 288              		.loc 1 72 34 view .LVU87
 289 0022 42EA0122 		orr	r2, r2, r1, lsl #8
 290              		.loc 1 72 47 view .LVU88
 291 0026 4679     		ldrb	r6, [r0, #5]	@ zero_extendqisi2
 292              		.loc 1 72 44 view .LVU89
 293 0028 1643     		orrs	r6, r6, r2
 294              	.LVL19:
  73:Core/Src/frame_resolve.c ****     tmp2 = d[6] << 24 | d[7]<<16 | d[8]<<8 | d[9];
 295              		.loc 1 73 5 is_stmt 1 view .LVU90
 296              		.loc 1 73 13 is_stmt 0 view .LVU91
 297 002a 8179     		ldrb	r1, [r0, #6]	@ zero_extendqisi2
 298              		.loc 1 73 26 view .LVU92
 299 002c C279     		ldrb	r2, [r0, #7]	@ zero_extendqisi2
 300              		.loc 1 73 29 view .LVU93
 301 002e 1204     		lsls	r2, r2, #16
 302              		.loc 1 73 23 view .LVU94
 303 0030 42EA0162 		orr	r2, r2, r1, lsl #24
 304              		.loc 1 73 37 view .LVU95
 305 0034 017A     		ldrb	r1, [r0, #8]	@ zero_extendqisi2
 306              		.loc 1 73 34 view .LVU96
 307 0036 42EA0122 		orr	r2, r2, r1, lsl #8
 308              		.loc 1 73 47 view .LVU97
 309 003a 447A     		ldrb	r4, [r0, #9]	@ zero_extendqisi2
 310              		.loc 1 73 44 view .LVU98
 311 003c 1443     		orrs	r4, r4, r2
 312              	.LVL20:
  74:Core/Src/frame_resolve.c ****     
  75:Core/Src/frame_resolve.c ****     local_crc = checksum(d);
 313              		.loc 1 75 5 is_stmt 1 view .LVU99
 314              		.loc 1 75 17 is_stmt 0 view .LVU100
 315 003e FFF7FEFF 		bl	checksum
 316              	.LVL21:
  76:Core/Src/frame_resolve.c **** 
  77:Core/Src/frame_resolve.c ****     if (local_crc == rx_crc)
 317              		.loc 1 77 5 is_stmt 1 view .LVU101
ARM GAS  /tmp/ccRam1SW.s 			page 8


 318              		.loc 1 77 8 is_stmt 0 view .LVU102
 319 0042 8542     		cmp	r5, r0
 320 0044 01D0     		beq	.L16
 321              	.L14:
  78:Core/Src/frame_resolve.c ****     {
  79:Core/Src/frame_resolve.c ****         vel[0] = *(float *)&tmp1;
  80:Core/Src/frame_resolve.c ****         vel[1] = *(float *)&tmp2;
  81:Core/Src/frame_resolve.c ****     }
  82:Core/Src/frame_resolve.c **** 
  83:Core/Src/frame_resolve.c **** 
  84:Core/Src/frame_resolve.c ****     return (float *)vel;
 322              		.loc 1 84 5 is_stmt 1 view .LVU103
 323              	.LVL22:
  85:Core/Src/frame_resolve.c **** }
 324              		.loc 1 85 1 is_stmt 0 view .LVU104
 325 0046 0348     		ldr	r0, .L17
 326              	.LVL23:
 327              		.loc 1 85 1 view .LVU105
 328 0048 70BD     		pop	{r4, r5, r6, pc}
 329              	.LVL24:
 330              	.L16:
  79:Core/Src/frame_resolve.c ****         vel[1] = *(float *)&tmp2;
 331              		.loc 1 79 9 is_stmt 1 view .LVU106
  79:Core/Src/frame_resolve.c ****         vel[1] = *(float *)&tmp2;
 332              		.loc 1 79 16 is_stmt 0 view .LVU107
 333 004a 024B     		ldr	r3, .L17
 334 004c 1E60     		str	r6, [r3]	@ float
  80:Core/Src/frame_resolve.c ****     }
 335              		.loc 1 80 9 is_stmt 1 view .LVU108
  80:Core/Src/frame_resolve.c ****     }
 336              		.loc 1 80 16 is_stmt 0 view .LVU109
 337 004e 5C60     		str	r4, [r3, #4]	@ float
 338 0050 F9E7     		b	.L14
 339              	.L18:
 340 0052 00BF     		.align	2
 341              	.L17:
 342 0054 00000000 		.word	.LANCHOR0
 343              		.cfi_endproc
 344              	.LFE136:
 346              		.section	.bss.vel.9226,"aw",%nobits
 347              		.align	2
 348              		.set	.LANCHOR0,. + 0
 351              	vel.9226:
 352 0000 00000000 		.space	8
 352      00000000 
 353              		.text
 354              	.Letext0:
 355              		.file 2 "/usr/lib/gcc/arm-none-eabi/9.2.1/include/stdint.h"
 356              		.file 3 "Drivers/CMSIS/Include/core_cm4.h"
 357              		.file 4 "Drivers/CMSIS/Device/ST/STM32F4xx/Include/system_stm32f4xx.h"
 358              		.file 5 "Drivers/STM32F4xx_HAL_Driver/Inc/stm32f4xx_hal.h"
 359              		.file 6 "/usr/lib/gcc/arm-none-eabi/9.2.1/include/stddef.h"
 360              		.file 7 "/usr/include/newlib/sys/_types.h"
 361              		.file 8 "/usr/include/newlib/sys/reent.h"
 362              		.file 9 "/usr/include/newlib/sys/lock.h"
ARM GAS  /tmp/ccRam1SW.s 			page 9


DEFINED SYMBOLS
                            *ABS*:0000000000000000 frame_resolve.c
     /tmp/ccRam1SW.s:18     .text.float2byte:0000000000000000 $t
     /tmp/ccRam1SW.s:26     .text.float2byte:0000000000000000 float2byte
     /tmp/ccRam1SW.s:88     .text.checksum:0000000000000000 $t
     /tmp/ccRam1SW.s:95     .text.checksum:0000000000000000 checksum
     /tmp/ccRam1SW.s:142    .text.parseTxFrame:0000000000000000 $t
     /tmp/ccRam1SW.s:149    .text.parseTxFrame:0000000000000000 parseTxFrame
     /tmp/ccRam1SW.s:232    .text.resolveRxFrame:0000000000000000 $t
     /tmp/ccRam1SW.s:239    .text.resolveRxFrame:0000000000000000 resolveRxFrame
     /tmp/ccRam1SW.s:342    .text.resolveRxFrame:0000000000000054 $d
     /tmp/ccRam1SW.s:347    .bss.vel.9226:0000000000000000 $d
     /tmp/ccRam1SW.s:351    .bss.vel.9226:0000000000000000 vel.9226

NO UNDEFINED SYMBOLS
