ARM GAS  C:\Users\Duy_Linh\AppData\Local\Temp\ccIPFDSX.s 			page 1


   1              		.cpu cortex-m4
   2              		.eabi_attribute 27, 1
   3              		.eabi_attribute 28, 1
   4              		.eabi_attribute 20, 1
   5              		.eabi_attribute 21, 1
   6              		.eabi_attribute 23, 3
   7              		.eabi_attribute 24, 1
   8              		.eabi_attribute 25, 1
   9              		.eabi_attribute 26, 1
  10              		.eabi_attribute 30, 1
  11              		.eabi_attribute 34, 1
  12              		.eabi_attribute 18, 4
  13              		.file	"gpio.c"
  14              		.text
  15              	.Ltext0:
  16              		.cfi_sections	.debug_frame
  17              		.section	.text.MX_GPIO_Init,"ax",%progbits
  18              		.align	1
  19              		.global	MX_GPIO_Init
  20              		.arch armv7e-m
  21              		.syntax unified
  22              		.thumb
  23              		.thumb_func
  24              		.fpu fpv4-sp-d16
  26              	MX_GPIO_Init:
  27              	.LFB130:
  28              		.file 1 "Core/Src/gpio.c"
   1:Core/Src/gpio.c **** /**
   2:Core/Src/gpio.c ****   ******************************************************************************
   3:Core/Src/gpio.c ****   * @file    gpio.c
   4:Core/Src/gpio.c ****   * @brief   This file provides code for the configuration
   5:Core/Src/gpio.c ****   *          of all used GPIO pins.
   6:Core/Src/gpio.c ****   ******************************************************************************
   7:Core/Src/gpio.c ****   * @attention
   8:Core/Src/gpio.c ****   *
   9:Core/Src/gpio.c ****   * <h2><center>&copy; Copyright (c) 2021 STMicroelectronics.
  10:Core/Src/gpio.c ****   * All rights reserved.</center></h2>
  11:Core/Src/gpio.c ****   *
  12:Core/Src/gpio.c ****   * This software component is licensed by ST under BSD 3-Clause license,
  13:Core/Src/gpio.c ****   * the "License"; You may not use this file except in compliance with the
  14:Core/Src/gpio.c ****   * License. You may obtain a copy of the License at:
  15:Core/Src/gpio.c ****   *                        opensource.org/licenses/BSD-3-Clause
  16:Core/Src/gpio.c ****   *
  17:Core/Src/gpio.c ****   ******************************************************************************
  18:Core/Src/gpio.c ****   */
  19:Core/Src/gpio.c **** 
  20:Core/Src/gpio.c **** /* Includes ------------------------------------------------------------------*/
  21:Core/Src/gpio.c **** #include "gpio.h"
  22:Core/Src/gpio.c **** 
  23:Core/Src/gpio.c **** /* USER CODE BEGIN 0 */
  24:Core/Src/gpio.c **** 
  25:Core/Src/gpio.c **** /* USER CODE END 0 */
  26:Core/Src/gpio.c **** 
  27:Core/Src/gpio.c **** /*----------------------------------------------------------------------------*/
  28:Core/Src/gpio.c **** /* Configure GPIO                                                             */
  29:Core/Src/gpio.c **** /*----------------------------------------------------------------------------*/
  30:Core/Src/gpio.c **** /* USER CODE BEGIN 1 */
ARM GAS  C:\Users\Duy_Linh\AppData\Local\Temp\ccIPFDSX.s 			page 2


  31:Core/Src/gpio.c **** 
  32:Core/Src/gpio.c **** /* USER CODE END 1 */
  33:Core/Src/gpio.c **** 
  34:Core/Src/gpio.c **** /** Configure pins as
  35:Core/Src/gpio.c ****         * Analog
  36:Core/Src/gpio.c ****         * Input
  37:Core/Src/gpio.c ****         * Output
  38:Core/Src/gpio.c ****         * EVENT_OUT
  39:Core/Src/gpio.c ****         * EXTI
  40:Core/Src/gpio.c **** */
  41:Core/Src/gpio.c **** void MX_GPIO_Init(void)
  42:Core/Src/gpio.c **** {
  29              		.loc 1 42 1 view -0
  30              		.cfi_startproc
  31              		@ args = 0, pretend = 0, frame = 40
  32              		@ frame_needed = 0, uses_anonymous_args = 0
  33 0000 2DE9F041 		push	{r4, r5, r6, r7, r8, lr}
  34              	.LCFI0:
  35              		.cfi_def_cfa_offset 24
  36              		.cfi_offset 4, -24
  37              		.cfi_offset 5, -20
  38              		.cfi_offset 6, -16
  39              		.cfi_offset 7, -12
  40              		.cfi_offset 8, -8
  41              		.cfi_offset 14, -4
  42 0004 8AB0     		sub	sp, sp, #40
  43              	.LCFI1:
  44              		.cfi_def_cfa_offset 64
  43:Core/Src/gpio.c **** 
  44:Core/Src/gpio.c ****   GPIO_InitTypeDef GPIO_InitStruct = {0};
  45              		.loc 1 44 3 view .LVU1
  46              		.loc 1 44 20 is_stmt 0 view .LVU2
  47 0006 0024     		movs	r4, #0
  48 0008 0594     		str	r4, [sp, #20]
  49 000a 0694     		str	r4, [sp, #24]
  50 000c 0794     		str	r4, [sp, #28]
  51 000e 0894     		str	r4, [sp, #32]
  52 0010 0994     		str	r4, [sp, #36]
  45:Core/Src/gpio.c **** 
  46:Core/Src/gpio.c ****   /* GPIO Ports Clock Enable */
  47:Core/Src/gpio.c ****   __HAL_RCC_GPIOC_CLK_ENABLE();
  53              		.loc 1 47 3 is_stmt 1 view .LVU3
  54              	.LBB2:
  55              		.loc 1 47 3 view .LVU4
  56 0012 0194     		str	r4, [sp, #4]
  57              		.loc 1 47 3 view .LVU5
  58 0014 294B     		ldr	r3, .L3
  59 0016 1A6B     		ldr	r2, [r3, #48]
  60 0018 42F00402 		orr	r2, r2, #4
  61 001c 1A63     		str	r2, [r3, #48]
  62              		.loc 1 47 3 view .LVU6
  63 001e 1A6B     		ldr	r2, [r3, #48]
  64 0020 02F00402 		and	r2, r2, #4
  65 0024 0192     		str	r2, [sp, #4]
  66              		.loc 1 47 3 view .LVU7
  67 0026 019A     		ldr	r2, [sp, #4]
  68              	.LBE2:
ARM GAS  C:\Users\Duy_Linh\AppData\Local\Temp\ccIPFDSX.s 			page 3


  69              		.loc 1 47 3 view .LVU8
  48:Core/Src/gpio.c ****   __HAL_RCC_GPIOH_CLK_ENABLE();
  70              		.loc 1 48 3 view .LVU9
  71              	.LBB3:
  72              		.loc 1 48 3 view .LVU10
  73 0028 0294     		str	r4, [sp, #8]
  74              		.loc 1 48 3 view .LVU11
  75 002a 1A6B     		ldr	r2, [r3, #48]
  76 002c 42F08002 		orr	r2, r2, #128
  77 0030 1A63     		str	r2, [r3, #48]
  78              		.loc 1 48 3 view .LVU12
  79 0032 1A6B     		ldr	r2, [r3, #48]
  80 0034 02F08002 		and	r2, r2, #128
  81 0038 0292     		str	r2, [sp, #8]
  82              		.loc 1 48 3 view .LVU13
  83 003a 029A     		ldr	r2, [sp, #8]
  84              	.LBE3:
  85              		.loc 1 48 3 view .LVU14
  49:Core/Src/gpio.c ****   __HAL_RCC_GPIOA_CLK_ENABLE();
  86              		.loc 1 49 3 view .LVU15
  87              	.LBB4:
  88              		.loc 1 49 3 view .LVU16
  89 003c 0394     		str	r4, [sp, #12]
  90              		.loc 1 49 3 view .LVU17
  91 003e 1A6B     		ldr	r2, [r3, #48]
  92 0040 42F00102 		orr	r2, r2, #1
  93 0044 1A63     		str	r2, [r3, #48]
  94              		.loc 1 49 3 view .LVU18
  95 0046 1A6B     		ldr	r2, [r3, #48]
  96 0048 02F00102 		and	r2, r2, #1
  97 004c 0392     		str	r2, [sp, #12]
  98              		.loc 1 49 3 view .LVU19
  99 004e 039A     		ldr	r2, [sp, #12]
 100              	.LBE4:
 101              		.loc 1 49 3 view .LVU20
  50:Core/Src/gpio.c ****   __HAL_RCC_GPIOB_CLK_ENABLE();
 102              		.loc 1 50 3 view .LVU21
 103              	.LBB5:
 104              		.loc 1 50 3 view .LVU22
 105 0050 0494     		str	r4, [sp, #16]
 106              		.loc 1 50 3 view .LVU23
 107 0052 1A6B     		ldr	r2, [r3, #48]
 108 0054 42F00202 		orr	r2, r2, #2
 109 0058 1A63     		str	r2, [r3, #48]
 110              		.loc 1 50 3 view .LVU24
 111 005a 1B6B     		ldr	r3, [r3, #48]
 112 005c 03F00203 		and	r3, r3, #2
 113 0060 0493     		str	r3, [sp, #16]
 114              		.loc 1 50 3 view .LVU25
 115 0062 049B     		ldr	r3, [sp, #16]
 116              	.LBE5:
 117              		.loc 1 50 3 view .LVU26
  51:Core/Src/gpio.c **** 
  52:Core/Src/gpio.c ****   /*Configure GPIO pin Output Level */
  53:Core/Src/gpio.c ****   HAL_GPIO_WritePin(GPIOA, GPIO_PIN_6|GPIO_PIN_7, GPIO_PIN_RESET);
 118              		.loc 1 53 3 view .LVU27
 119 0064 DFF86080 		ldr	r8, .L3+12
ARM GAS  C:\Users\Duy_Linh\AppData\Local\Temp\ccIPFDSX.s 			page 4


 120 0068 2246     		mov	r2, r4
 121 006a C021     		movs	r1, #192
 122 006c 4046     		mov	r0, r8
 123 006e FFF7FEFF 		bl	HAL_GPIO_WritePin
 124              	.LVL0:
  54:Core/Src/gpio.c **** 
  55:Core/Src/gpio.c ****   /*Configure GPIO pin Output Level */
  56:Core/Src/gpio.c ****   HAL_GPIO_WritePin(GPIOB, GPIO_PIN_5|GPIO_PIN_6|GPIO_PIN_7, GPIO_PIN_RESET);
 125              		.loc 1 56 3 view .LVU28
 126 0072 134F     		ldr	r7, .L3+4
 127 0074 2246     		mov	r2, r4
 128 0076 E021     		movs	r1, #224
 129 0078 3846     		mov	r0, r7
 130 007a FFF7FEFF 		bl	HAL_GPIO_WritePin
 131              	.LVL1:
  57:Core/Src/gpio.c **** 
  58:Core/Src/gpio.c ****   /*Configure GPIO pins : PA6 PA7 */
  59:Core/Src/gpio.c ****   GPIO_InitStruct.Pin = GPIO_PIN_6|GPIO_PIN_7;
 132              		.loc 1 59 3 view .LVU29
 133              		.loc 1 59 23 is_stmt 0 view .LVU30
 134 007e C026     		movs	r6, #192
 135 0080 0596     		str	r6, [sp, #20]
  60:Core/Src/gpio.c ****   GPIO_InitStruct.Mode = GPIO_MODE_OUTPUT_PP;
 136              		.loc 1 60 3 is_stmt 1 view .LVU31
 137              		.loc 1 60 24 is_stmt 0 view .LVU32
 138 0082 0125     		movs	r5, #1
 139 0084 0695     		str	r5, [sp, #24]
  61:Core/Src/gpio.c ****   GPIO_InitStruct.Pull = GPIO_NOPULL;
 140              		.loc 1 61 3 is_stmt 1 view .LVU33
 141              		.loc 1 61 24 is_stmt 0 view .LVU34
 142 0086 0794     		str	r4, [sp, #28]
  62:Core/Src/gpio.c ****   GPIO_InitStruct.Speed = GPIO_SPEED_FREQ_LOW;
 143              		.loc 1 62 3 is_stmt 1 view .LVU35
 144              		.loc 1 62 25 is_stmt 0 view .LVU36
 145 0088 0894     		str	r4, [sp, #32]
  63:Core/Src/gpio.c ****   HAL_GPIO_Init(GPIOA, &GPIO_InitStruct);
 146              		.loc 1 63 3 is_stmt 1 view .LVU37
 147 008a 05A9     		add	r1, sp, #20
 148 008c 4046     		mov	r0, r8
 149 008e FFF7FEFF 		bl	HAL_GPIO_Init
 150              	.LVL2:
  64:Core/Src/gpio.c **** 
  65:Core/Src/gpio.c ****   /*Configure GPIO pins : PB5 PB6 PB7 */
  66:Core/Src/gpio.c ****   GPIO_InitStruct.Pin = GPIO_PIN_5|GPIO_PIN_6|GPIO_PIN_7;
 151              		.loc 1 66 3 view .LVU38
 152              		.loc 1 66 23 is_stmt 0 view .LVU39
 153 0092 E023     		movs	r3, #224
 154 0094 0593     		str	r3, [sp, #20]
  67:Core/Src/gpio.c ****   GPIO_InitStruct.Mode = GPIO_MODE_OUTPUT_PP;
 155              		.loc 1 67 3 is_stmt 1 view .LVU40
 156              		.loc 1 67 24 is_stmt 0 view .LVU41
 157 0096 0695     		str	r5, [sp, #24]
  68:Core/Src/gpio.c ****   GPIO_InitStruct.Pull = GPIO_PULLUP;
 158              		.loc 1 68 3 is_stmt 1 view .LVU42
 159              		.loc 1 68 24 is_stmt 0 view .LVU43
 160 0098 0795     		str	r5, [sp, #28]
  69:Core/Src/gpio.c ****   GPIO_InitStruct.Speed = GPIO_SPEED_FREQ_VERY_HIGH;
ARM GAS  C:\Users\Duy_Linh\AppData\Local\Temp\ccIPFDSX.s 			page 5


 161              		.loc 1 69 3 is_stmt 1 view .LVU44
 162              		.loc 1 69 25 is_stmt 0 view .LVU45
 163 009a 0323     		movs	r3, #3
 164 009c 0893     		str	r3, [sp, #32]
  70:Core/Src/gpio.c ****   HAL_GPIO_Init(GPIOB, &GPIO_InitStruct);
 165              		.loc 1 70 3 is_stmt 1 view .LVU46
 166 009e 05A9     		add	r1, sp, #20
 167 00a0 3846     		mov	r0, r7
 168 00a2 FFF7FEFF 		bl	HAL_GPIO_Init
 169              	.LVL3:
  71:Core/Src/gpio.c **** 
  72:Core/Src/gpio.c ****   /*Configure GPIO pins : PC6 PC7 */
  73:Core/Src/gpio.c ****   GPIO_InitStruct.Pin = GPIO_PIN_6|GPIO_PIN_7;
 170              		.loc 1 73 3 view .LVU47
 171              		.loc 1 73 23 is_stmt 0 view .LVU48
 172 00a6 0596     		str	r6, [sp, #20]
  74:Core/Src/gpio.c ****   GPIO_InitStruct.Mode = GPIO_MODE_INPUT;
 173              		.loc 1 74 3 is_stmt 1 view .LVU49
 174              		.loc 1 74 24 is_stmt 0 view .LVU50
 175 00a8 0694     		str	r4, [sp, #24]
  75:Core/Src/gpio.c ****   GPIO_InitStruct.Pull = GPIO_PULLUP;
 176              		.loc 1 75 3 is_stmt 1 view .LVU51
 177              		.loc 1 75 24 is_stmt 0 view .LVU52
 178 00aa 0795     		str	r5, [sp, #28]
  76:Core/Src/gpio.c ****   GPIO_InitStruct.Speed = GPIO_SPEED_FREQ_LOW;
 179              		.loc 1 76 3 is_stmt 1 view .LVU53
 180              		.loc 1 76 25 is_stmt 0 view .LVU54
 181 00ac 0894     		str	r4, [sp, #32]
  77:Core/Src/gpio.c ****   HAL_GPIO_Init(GPIOC, &GPIO_InitStruct);
 182              		.loc 1 77 3 is_stmt 1 view .LVU55
 183 00ae 05A9     		add	r1, sp, #20
 184 00b0 0448     		ldr	r0, .L3+8
 185 00b2 FFF7FEFF 		bl	HAL_GPIO_Init
 186              	.LVL4:
  78:Core/Src/gpio.c **** }
 187              		.loc 1 78 1 is_stmt 0 view .LVU56
 188 00b6 0AB0     		add	sp, sp, #40
 189              	.LCFI2:
 190              		.cfi_def_cfa_offset 24
 191              		@ sp needed
 192 00b8 BDE8F081 		pop	{r4, r5, r6, r7, r8, pc}
 193              	.L4:
 194              		.align	2
 195              	.L3:
 196 00bc 00380240 		.word	1073887232
 197 00c0 00040240 		.word	1073873920
 198 00c4 00080240 		.word	1073874944
 199 00c8 00000240 		.word	1073872896
 200              		.cfi_endproc
 201              	.LFE130:
 203              		.text
 204              	.Letext0:
 205              		.file 2 "c:\\program files (x86)\\gnu arm embedded toolchain\\10 2020-q4-major\\arm-none-eabi\\inc
 206              		.file 3 "c:\\program files (x86)\\gnu arm embedded toolchain\\10 2020-q4-major\\arm-none-eabi\\inc
 207              		.file 4 "Drivers/CMSIS/Device/ST/STM32F4xx/Include/stm32f407xx.h"
 208              		.file 5 "Drivers/STM32F4xx_HAL_Driver/Inc/stm32f4xx_hal_gpio.h"
ARM GAS  C:\Users\Duy_Linh\AppData\Local\Temp\ccIPFDSX.s 			page 6


DEFINED SYMBOLS
                            *ABS*:00000000 gpio.c
C:\Users\Duy_Linh\AppData\Local\Temp\ccIPFDSX.s:18     .text.MX_GPIO_Init:00000000 $t
C:\Users\Duy_Linh\AppData\Local\Temp\ccIPFDSX.s:26     .text.MX_GPIO_Init:00000000 MX_GPIO_Init
C:\Users\Duy_Linh\AppData\Local\Temp\ccIPFDSX.s:196    .text.MX_GPIO_Init:000000bc $d

UNDEFINED SYMBOLS
HAL_GPIO_WritePin
HAL_GPIO_Init
